{"name": "test_login[data1]", "status": "broken", "statusDetails": {"message": "selenium.common.exceptions.TimeoutException: Message: \nStacktrace:\nSymbols not available. Dumping unresolved backtrace:\n\t0x7ff7116daa55\n\t0x7ff711438630\n\t0x7ff7111cd75d\n\t0x7ff71122862e\n\t0x7ff71122893c\n\t0x7ff711278d87\n\t0x7ff71127591c\n\t0x7ff711219098\n\t0x7ff711219f83\n\t0x7ff711707810\n\t0x7ff711701afd\n\t0x7ff711722c1a\n\t0x7ff711453345\n\t0x7ff71145b81c\n\t0x7ff711441924\n\t0x7ff711441ad6\n\t0x7ff711427e47\n\t0x7ffbf06f7374\n\t0x7ffbf21fcc91", "trace": "self = <tests.test_login.TestShop object at 0x0000020D598A2210>\ndata = {'email': 'gvd@test.com', 'expected_error': 'Incorrect email or password', 'expected_url': None, 'password': 'Gvd1399'}\n\n    @pytest.mark.parametrize(\"data\", test_data)\n    def test_login(self, data):\n    \n        login = LoginPage(self.driver)\n        login.load()\n        login.enter_email(data[\"email\"])\n        login.enter_password(data[\"password\"])\n        login.click_login()\n    \n        wait = WebDriverWait(self.driver, 10)\n    \n        if data[\"expected_url\"]:\n            wait.until(EC.url_contains(data[\"expected_url\"]))\n            assert data[\"expected_url\"] in self.driver.current_url\n        else:\n>           error_message = login.get_error_message()\n                            ^^^^^^^^^^^^^^^^^^^^^^^^^\n\ntests\\test_login.py:32: \n_ _ _ _ _ _ _ _ _ _ _ _ _ _ _ _ _ _ _ _ _ _ _ _ _ _ _ _ _ _ _ _ _ _ _ _ _ _ _ _ _ _ _ _ _ _ _ _ _ _ _ _ _ _ _ _ _ _ _ _ _ _ _ _ _ _ _ _ _ _ _ _ _ _ _ _ _ _ _ _ _ _ _ _ _ _ _ _ _ _\npages\\LoginPage.py:37: in get_error_message\n    login_error = self.wait.until(EC.presence_of_element_located(self.login_error))\n                  ^^^^^^^^^^^^^^^^^^^^^^^^^^^^^^^^^^^^^^^^^^^^^^^^^^^^^^^^^^^^^^^^^\n_ _ _ _ _ _ _ _ _ _ _ _ _ _ _ _ _ _ _ _ _ _ _ _ _ _ _ _ _ _ _ _ _ _ _ _ _ _ _ _ _ _ _ _ _ _ _ _ _ _ _ _ _ _ _ _ _ _ _ _ _ _ _ _ _ _ _ _ _ _ _ _ _ _ _ _ _ _ _ _ _ _ _ _ _ _ _ _ _ _\n\nself = <selenium.webdriver.support.wait.WebDriverWait (session=\"58ffec19cf8158e99755641969c8e13a\")>\nmethod = <function presence_of_element_located.<locals>._predicate at 0x0000020D59A62340>, message = ''\n\n    def until(self, method: Callable[[D], Literal[False] | T], message: str = \"\") -> T:\n        \"\"\"Wait until the method returns a value that is not False.\n    \n        Calls the method provided with the driver as an argument until the\n        return value does not evaluate to ``False``.\n    \n        Args:\n            method: A callable object that takes a WebDriver instance as an\n                argument.\n            message: Optional message for TimeoutException.\n    \n        Returns:\n            The result of the last call to `method`.\n    \n        Raises:\n            TimeoutException: If 'method' does not return a truthy value within\n                the WebDriverWait object's timeout.\n    \n        Example:\n            >>> from selenium.webdriver.common.by import By\n            >>> from selenium.webdriver.support.ui import WebDriverWait\n            >>> from selenium.webdriver.support import expected_conditions as EC\n            >>>\n            >>> # Wait until an element is visible on the page\n            >>> wait = WebDriverWait(driver, 10)\n            >>> element = wait.until(EC.visibility_of_element_located((By.ID, \"exampleId\")))\n            >>> print(element.text)\n        \"\"\"\n        screen = None\n        stacktrace = None\n    \n        end_time = time.monotonic() + self._timeout\n        while True:\n            try:\n                value = method(self._driver)\n                if value:\n                    return value\n            except self._ignored_exceptions as exc:\n                screen = getattr(exc, \"screen\", None)\n                stacktrace = getattr(exc, \"stacktrace\", None)\n            if time.monotonic() > end_time:\n                break\n            time.sleep(self._poll)\n>       raise TimeoutException(message, screen, stacktrace)\nE       selenium.common.exceptions.TimeoutException: Message: \nE       Stacktrace:\nE       Symbols not available. Dumping unresolved backtrace:\nE       \t0x7ff7116daa55\nE       \t0x7ff711438630\nE       \t0x7ff7111cd75d\nE       \t0x7ff71122862e\nE       \t0x7ff71122893c\nE       \t0x7ff711278d87\nE       \t0x7ff71127591c\nE       \t0x7ff711219098\nE       \t0x7ff711219f83\nE       \t0x7ff711707810\nE       \t0x7ff711701afd\nE       \t0x7ff711722c1a\nE       \t0x7ff711453345\nE       \t0x7ff71145b81c\nE       \t0x7ff711441924\nE       \t0x7ff711441ad6\nE       \t0x7ff711427e47\nE       \t0x7ffbf06f7374\nE       \t0x7ffbf21fcc91\n\n.venv\\Lib\\site-packages\\selenium\\webdriver\\support\\wait.py:121: TimeoutException"}, "parameters": [{"name": "data", "value": "{'email': 'gvd@test.com', 'password': 'Gvd1399', 'expected_url': None, 'expected_error': 'Incorrect email or password'}"}], "start": 1772003528279, "stop": 1772003541170, "uuid": "67a4f891-74d5-433a-a19b-3e95cbae7808", "historyId": "841cc76e7a7374589aeb89ee782c6ed6", "testCaseId": "2145440c231a3c2b380c942e6aa791fa", "fullName": "tests.test_login.TestShop#test_login", "labels": [{"name": "parentSuite", "value": "tests"}, {"name": "suite", "value": "test_login"}, {"name": "subSuite", "value": "TestShop"}, {"name": "host", "value": "DESKTOP-H1J33JA"}, {"name": "thread", "value": "15540-MainThread"}, {"name": "framework", "value": "pytest"}, {"name": "language", "value": "cpython3"}, {"name": "package", "value": "tests.test_login"}], "titlePath": ["tests", "test_login.py", "TestShop"]}